<?xml version="1.0" encoding="UTF-8"?>
<!-- Generated by org.testng.reporters.JUnitReportReporter -->
<testsuite hostname="DELL-PC" name="com.test.Runners.WeatherFeatureRunner" tests="1" failures="0" timestamp="9 May 2021 15:18:49 GMT" time="62.557" errors="0">
  <testcase name="runCukes" time="62.557" classname="com.test.Runners.WeatherFeatureRunner"/>
</testsuite> <!-- com.test.Runners.WeatherFeatureRunner -->
